{"level":"info","message":"Database connected","timestamp":"2025-05-21 09:22:45:2245"}
{"level":"info","message":"Prisma initialized","timestamp":"2025-05-21 09:22:45:2245"}
{"level":"info","message":"Express initialized","timestamp":"2025-05-21 09:22:45:2245"}
{"level":"info","message":"Server running on port http://localhost:3000","timestamp":"2025-05-21 09:22:45:2245"}
{"level":"info","message":"Database connected","timestamp":"2025-05-21 09:25:15:2515"}
{"level":"info","message":"Prisma initialized","timestamp":"2025-05-21 09:25:15:2515"}
{"level":"info","message":"Express initialized","timestamp":"2025-05-21 09:25:15:2515"}
{"level":"info","message":"Server running on port http://localhost:3000","timestamp":"2025-05-21 09:25:15:2515"}
{"level":"info","message":"Database connected","timestamp":"2025-05-21 09:28:09:289"}
{"level":"info","message":"Prisma initialized","timestamp":"2025-05-21 09:28:09:289"}
{"level":"info","message":"Express initialized","timestamp":"2025-05-21 09:28:09:289"}
{"level":"info","message":"Server running on port http://localhost:3000","timestamp":"2025-05-21 09:28:09:289"}
{"level":"info","message":"Database connected","timestamp":"2025-05-21 09:28:46:2846"}
{"level":"info","message":"Prisma initialized","timestamp":"2025-05-21 09:28:46:2846"}
{"level":"info","message":"Express initialized","timestamp":"2025-05-21 09:28:46:2846"}
{"level":"info","message":"Server running on port http://localhost:3000","timestamp":"2025-05-21 09:28:46:2846"}
{"level":"error","message":"PrismaClientValidationError: \nInvalid `db.jobPosting.create()` invocation in\n/home/tonytor/jop-portal/type-ats-backend/src/service/jobService.ts:27:37\n\n  24 const { title, description, requiredSkills, department, closingDate } =\n  25   data;\n  26 \n→ 27 const job = await db.jobPosting.create({\n       data: {\n         title: \"software engineere\",\n         description: \"Cum laboriosam dolo\",\n         requiredSkills: \"Commodo a qui necess\",\n                         ~~~~~~~~~~~~~~~~~~~~~~\n         department: \"Enim dolor sit et n\",\n         closingDate: new Date(\"1997-06-12T00:00:00.000Z\")\n       }\n     })\n\nArgument `requiredSkills`: Invalid value provided. Expected JobPostingCreaterequiredSkillsInput or String[], provided String.\n    at kn (/home/tonytor/jop-portal/type-ats-backend/node_modules/@prisma/client/runtime/library.js:29:1363)\n    at Zn.handleRequestError (/home/tonytor/jop-portal/type-ats-backend/node_modules/@prisma/client/runtime/library.js:121:7102)\n    at Zn.handleAndLogRequestError (/home/tonytor/jop-portal/type-ats-backend/node_modules/@prisma/client/runtime/library.js:121:6784)\n    at Zn.request (/home/tonytor/jop-portal/type-ats-backend/node_modules/@prisma/client/runtime/library.js:121:6491)\n    at async l (/home/tonytor/jop-portal/type-ats-backend/node_modules/@prisma/client/runtime/library.js:130:9778)\n    at async Object.createJobPosting (/home/tonytor/jop-portal/type-ats-backend/src/service/jobService.ts:27:17)\n    at async /home/tonytor/jop-portal/type-ats-backend/src/controllers/jobController.ts:32:17","timestamp":"2025-05-21 09:29:41:2941"}
{"clientVersion":"6.8.2","level":"error","name":"PrismaClientValidationError","timestamp":"2025-05-21 09:29:41:2941"}
{"level":"info","message":"Database connected","timestamp":"2025-05-21 09:33:47:3347"}
{"level":"info","message":"Prisma initialized","timestamp":"2025-05-21 09:33:47:3347"}
{"level":"info","message":"Express initialized","timestamp":"2025-05-21 09:33:47:3347"}
{"level":"info","message":"Server running on port http://localhost:3000","timestamp":"2025-05-21 09:33:47:3347"}
{"level":"info","message":"Database connected","timestamp":"2025-05-21 09:39:56:3956"}
{"level":"info","message":"Prisma initialized","timestamp":"2025-05-21 09:39:56:3956"}
{"level":"info","message":"Express initialized","timestamp":"2025-05-21 09:39:56:3956"}
{"level":"info","message":"Server running on port http://localhost:3000","timestamp":"2025-05-21 09:39:56:3956"}
{"level":"info","message":"Database connected","timestamp":"2025-05-21 09:41:00:410"}
{"level":"info","message":"Prisma initialized","timestamp":"2025-05-21 09:41:00:410"}
{"level":"info","message":"Express initialized","timestamp":"2025-05-21 09:41:00:410"}
{"level":"info","message":"Server running on port http://localhost:3000","timestamp":"2025-05-21 09:41:00:410"}
{"level":"info","message":"Database connected","timestamp":"2025-05-21 09:41:38:4138"}
{"level":"info","message":"Prisma initialized","timestamp":"2025-05-21 09:41:38:4138"}
{"level":"info","message":"Express initialized","timestamp":"2025-05-21 09:41:38:4138"}
{"level":"info","message":"Server running on port http://localhost:3000","timestamp":"2025-05-21 09:41:38:4138"}
{"level":"error","message":"PrismaClientValidationError: \nInvalid `db.jobPosting.create()` invocation in\n/home/tonytor/jop-portal/type-ats-backend/src/service/jobService.ts:27:37\n\n  24 const { title, description, requiredSkills, department, closingDate } =\n  25   data;\n  26 \n→ 27 const job = await db.jobPosting.create({\n       data: {\n         title: \"Non velit quis ipsa\",\n         description: \"Quia adipisicing mol\",\n         requiredSkills: \"Officia sit nulla do\",\n                         ~~~~~~~~~~~~~~~~~~~~~~\n         department: \"Quod enim sit aut et\",\n         closingDate: new Date(\"1986-03-08T00:00:00.000Z\")\n       }\n     })\n\nArgument `requiredSkills`: Invalid value provided. Expected JobPostingCreaterequiredSkillsInput or String[], provided String.\n    at kn (/home/tonytor/jop-portal/type-ats-backend/node_modules/@prisma/client/runtime/library.js:29:1363)\n    at Zn.handleRequestError (/home/tonytor/jop-portal/type-ats-backend/node_modules/@prisma/client/runtime/library.js:121:7102)\n    at Zn.handleAndLogRequestError (/home/tonytor/jop-portal/type-ats-backend/node_modules/@prisma/client/runtime/library.js:121:6784)\n    at Zn.request (/home/tonytor/jop-portal/type-ats-backend/node_modules/@prisma/client/runtime/library.js:121:6491)\n    at async l (/home/tonytor/jop-portal/type-ats-backend/node_modules/@prisma/client/runtime/library.js:130:9778)\n    at async Object.createJobPosting (/home/tonytor/jop-portal/type-ats-backend/src/service/jobService.ts:27:17)\n    at async /home/tonytor/jop-portal/type-ats-backend/src/controllers/jobController.ts:32:17","timestamp":"2025-05-21 09:41:49:4149"}
{"clientVersion":"6.8.2","level":"error","name":"PrismaClientValidationError","timestamp":"2025-05-21 09:41:49:4149"}
{"level":"error","message":"PrismaClientValidationError: \nInvalid `db.jobPosting.create()` invocation in\n/home/tonytor/jop-portal/type-ats-backend/src/service/jobService.ts:27:37\n\n  24 const { title, description, requiredSkills, department, closingDate } =\n  25   data;\n  26 \n→ 27 const job = await db.jobPosting.create({\n       data: {\n         title: \"Architecto nostrum v\",\n         description: \"Et et Nam porro alia\",\n         requiredSkills: \"Rerum sed ea quidem \",\n                         ~~~~~~~~~~~~~~~~~~~~~~\n         department: \"Consectetur saepe il\",\n         closingDate: new Date(\"1989-08-17T00:00:00.000Z\")\n       }\n     })\n\nArgument `requiredSkills`: Invalid value provided. Expected JobPostingCreaterequiredSkillsInput or String[], provided String.\n    at kn (/home/tonytor/jop-portal/type-ats-backend/node_modules/@prisma/client/runtime/library.js:29:1363)\n    at Zn.handleRequestError (/home/tonytor/jop-portal/type-ats-backend/node_modules/@prisma/client/runtime/library.js:121:7102)\n    at Zn.handleAndLogRequestError (/home/tonytor/jop-portal/type-ats-backend/node_modules/@prisma/client/runtime/library.js:121:6784)\n    at Zn.request (/home/tonytor/jop-portal/type-ats-backend/node_modules/@prisma/client/runtime/library.js:121:6491)\n    at async l (/home/tonytor/jop-portal/type-ats-backend/node_modules/@prisma/client/runtime/library.js:130:9778)\n    at async Object.createJobPosting (/home/tonytor/jop-portal/type-ats-backend/src/service/jobService.ts:27:17)\n    at async /home/tonytor/jop-portal/type-ats-backend/src/controllers/jobController.ts:32:17","timestamp":"2025-05-21 09:42:06:426"}
{"clientVersion":"6.8.2","level":"error","name":"PrismaClientValidationError","timestamp":"2025-05-21 09:42:06:426"}
{"level":"error","message":"PrismaClientValidationError: \nInvalid `db.jobPosting.create()` invocation in\n/home/tonytor/jop-portal/type-ats-backend/src/service/jobService.ts:27:37\n\n  24 const { title, description, requiredSkills, department, closingDate } =\n  25   data;\n  26 \n→ 27 const job = await db.jobPosting.create({\n       data: {\n         title: \"Velit et quia quos \",\n         description: \"Sint magni delectus\",\n         requiredSkills: \"Hic in duis veniam \",\n                         ~~~~~~~~~~~~~~~~~~~~~\n         department: \"Magna in sit accusam\",\n         closingDate: new Date(\"1992-09-10T00:00:00.000Z\")\n       }\n     })\n\nArgument `requiredSkills`: Invalid value provided. Expected JobPostingCreaterequiredSkillsInput or String[], provided String.\n    at kn (/home/tonytor/jop-portal/type-ats-backend/node_modules/@prisma/client/runtime/library.js:29:1363)\n    at Zn.handleRequestError (/home/tonytor/jop-portal/type-ats-backend/node_modules/@prisma/client/runtime/library.js:121:7102)\n    at Zn.handleAndLogRequestError (/home/tonytor/jop-portal/type-ats-backend/node_modules/@prisma/client/runtime/library.js:121:6784)\n    at Zn.request (/home/tonytor/jop-portal/type-ats-backend/node_modules/@prisma/client/runtime/library.js:121:6491)\n    at async l (/home/tonytor/jop-portal/type-ats-backend/node_modules/@prisma/client/runtime/library.js:130:9778)\n    at async Object.createJobPosting (/home/tonytor/jop-portal/type-ats-backend/src/service/jobService.ts:27:17)\n    at async /home/tonytor/jop-portal/type-ats-backend/src/controllers/jobController.ts:32:17","timestamp":"2025-05-21 09:44:45:4445"}
{"clientVersion":"6.8.2","level":"error","name":"PrismaClientValidationError","timestamp":"2025-05-21 09:44:45:4445"}
{"level":"error","message":"PrismaClientValidationError: \nInvalid `db.jobPosting.create()` invocation in\n/home/tonytor/jop-portal/type-ats-backend/src/service/jobService.ts:27:37\n\n  24 const { title, description, requiredSkills, department, closingDate } =\n  25   data;\n  26 \n→ 27 const job = await db.jobPosting.create({\n       data: {\n         title: \"Sed vel debitis est\",\n         description: \"Temporibus qui ex la\",\n         requiredSkills: \"Quasi quo cupiditate\",\n                         ~~~~~~~~~~~~~~~~~~~~~~\n         department: \"Et do quis ullamco t\",\n         closingDate: new Date(\"2021-09-15T00:00:00.000Z\")\n       }\n     })\n\nArgument `requiredSkills`: Invalid value provided. Expected JobPostingCreaterequiredSkillsInput or String[], provided String.\n    at kn (/home/tonytor/jop-portal/type-ats-backend/node_modules/@prisma/client/runtime/library.js:29:1363)\n    at Zn.handleRequestError (/home/tonytor/jop-portal/type-ats-backend/node_modules/@prisma/client/runtime/library.js:121:7102)\n    at Zn.handleAndLogRequestError (/home/tonytor/jop-portal/type-ats-backend/node_modules/@prisma/client/runtime/library.js:121:6784)\n    at Zn.request (/home/tonytor/jop-portal/type-ats-backend/node_modules/@prisma/client/runtime/library.js:121:6491)\n    at async l (/home/tonytor/jop-portal/type-ats-backend/node_modules/@prisma/client/runtime/library.js:130:9778)\n    at async Object.createJobPosting (/home/tonytor/jop-portal/type-ats-backend/src/service/jobService.ts:27:17)\n    at async /home/tonytor/jop-portal/type-ats-backend/src/controllers/jobController.ts:32:17","timestamp":"2025-05-21 09:49:55:4955"}
{"clientVersion":"6.8.2","level":"error","name":"PrismaClientValidationError","timestamp":"2025-05-21 09:49:55:4955"}
{"level":"info","message":"Database connected","timestamp":"2025-05-21 09:55:21:5521"}
{"level":"info","message":"Prisma initialized","timestamp":"2025-05-21 09:55:21:5521"}
{"level":"info","message":"Express initialized","timestamp":"2025-05-21 09:55:21:5521"}
{"level":"info","message":"Server running on port http://localhost:3000","timestamp":"2025-05-21 09:55:21:5521"}
{"level":"error","message":"PrismaClientValidationError: \nInvalid `db.jobPosting.create()` invocation in\n/home/tonytor/jop-portal/type-ats-backend/src/service/jobService.ts:27:37\n\n  24 const { title, description, requiredSkills, department, closingDate } =\n  25   data;\n  26 \n→ 27 const job = await db.jobPosting.create({\n       data: {\n         title: \"Velit et quia quos \",\n         description: \"Sint magni delectus\",\n         requiredSkills: \"Hic in duis veniam \",\n                         ~~~~~~~~~~~~~~~~~~~~~\n         department: \"Magna in sit accusam\",\n         closingDate: new Date(\"1992-09-10T00:00:00.000Z\")\n       }\n     })\n\nArgument `requiredSkills`: Invalid value provided. Expected JobPostingCreaterequiredSkillsInput or String[], provided String.\n    at kn (/home/tonytor/jop-portal/type-ats-backend/node_modules/@prisma/client/runtime/library.js:29:1363)\n    at Zn.handleRequestError (/home/tonytor/jop-portal/type-ats-backend/node_modules/@prisma/client/runtime/library.js:121:7102)\n    at Zn.handleAndLogRequestError (/home/tonytor/jop-portal/type-ats-backend/node_modules/@prisma/client/runtime/library.js:121:6784)\n    at Zn.request (/home/tonytor/jop-portal/type-ats-backend/node_modules/@prisma/client/runtime/library.js:121:6491)\n    at async l (/home/tonytor/jop-portal/type-ats-backend/node_modules/@prisma/client/runtime/library.js:130:9778)\n    at async Object.createJobPosting (/home/tonytor/jop-portal/type-ats-backend/src/service/jobService.ts:27:17)\n    at async /home/tonytor/jop-portal/type-ats-backend/src/controllers/jobController.ts:32:17","timestamp":"2025-05-21 09:55:37:5537"}
{"clientVersion":"6.8.2","level":"error","name":"PrismaClientValidationError","timestamp":"2025-05-21 09:55:37:5537"}
{"level":"error","message":"SyntaxError: Expected property name or '}' in JSON at position 6\n    at JSON.parse (<anonymous>)\n    at parse (/home/tonytor/jop-portal/type-ats-backend/node_modules/body-parser/lib/types/json.js:77:19)\n    at /home/tonytor/jop-portal/type-ats-backend/node_modules/body-parser/lib/read.js:123:18\n    at AsyncResource.runInAsyncScope (node:async_hooks:206:9)\n    at invokeCallback (/home/tonytor/jop-portal/type-ats-backend/node_modules/raw-body/index.js:238:16)\n    at done (/home/tonytor/jop-portal/type-ats-backend/node_modules/raw-body/index.js:227:7)\n    at IncomingMessage.onEnd (/home/tonytor/jop-portal/type-ats-backend/node_modules/raw-body/index.js:287:7)\n    at IncomingMessage.emit (node:events:518:28)\n    at IncomingMessage.emit (node:domain:488:12)\n    at endReadableNT (node:internal/streams/readable:1696:12)","timestamp":"2025-05-21 10:56:22:5622"}
{"body":"{\n    {\n    \"fullName\": \"Jane Doe\",\n    \"email\": \"jane.doe@example.com\",\n    \"yearsOfExperience\": \"5\",\n    \"highestEducation\": \"Bachelor's Degree\",\n    \"coverLetter\": \"I am very interested in this position and believe my skills align perfectly.\",\n    \"jobPostingId\": \"6088f8e5-f3b4-48af-abc6-6e973d5f953f\"\n}\n}","expose":true,"level":"error","status":400,"statusCode":400,"timestamp":"2025-05-21 10:56:22:5622","type":"entity.parse.failed"}
{"level":"info","message":"Database connected","timestamp":"2025-05-21 11:44:25:4425"}
{"level":"info","message":"Prisma initialized","timestamp":"2025-05-21 11:44:25:4425"}
{"level":"info","message":"Express initialized","timestamp":"2025-05-21 11:44:25:4425"}
{"level":"info","message":"Server running on port http://localhost:3000","timestamp":"2025-05-21 11:44:25:4425"}
{"level":"info","message":"Database connected","timestamp":"2025-05-21 12:10:30:1030"}
{"level":"info","message":"Prisma initialized","timestamp":"2025-05-21 12:10:30:1030"}
{"level":"info","message":"Express initialized","timestamp":"2025-05-21 12:10:30:1030"}
{"level":"info","message":"Server running on port http://localhost:3000","timestamp":"2025-05-21 12:10:30:1030"}
{"level":"info","message":"Database connected","timestamp":"2025-05-21 20:00:26:026"}
{"level":"info","message":"Prisma initialized","timestamp":"2025-05-21 20:00:26:026"}
{"level":"info","message":"Express initialized","timestamp":"2025-05-21 20:00:26:026"}
{"level":"info","message":"Server running on port http://localhost:3000","timestamp":"2025-05-21 20:00:26:026"}
{"level":"error","message":"PrismaClientKnownRequestError: \nInvalid `db.application.create()` invocation in\n/home/tonytor/jop-portal/type-ats-backend/src/service/applicantService.ts:60:46\n\n  57 }\n  58 \n  59 // Create the application record\n→ 60 const application = await db.application.create(\nUnique constraint failed on the fields: (`jobPostingId`,`applicantId`)\n    at Zn.handleRequestError (/home/tonytor/jop-portal/type-ats-backend/node_modules/@prisma/client/runtime/library.js:121:7459)\n    at Zn.handleAndLogRequestError (/home/tonytor/jop-portal/type-ats-backend/node_modules/@prisma/client/runtime/library.js:121:6784)\n    at Zn.request (/home/tonytor/jop-portal/type-ats-backend/node_modules/@prisma/client/runtime/library.js:121:6491)\n    at async l (/home/tonytor/jop-portal/type-ats-backend/node_modules/@prisma/client/runtime/library.js:130:9778)\n    at async Object.submitApplication (/home/tonytor/jop-portal/type-ats-backend/src/service/applicantService.ts:60:25)\n    at async /home/tonytor/jop-portal/type-ats-backend/src/controllers/applicationController.ts:38:25","timestamp":"2025-05-21 21:13:49:1349"}
{"clientVersion":"6.8.2","code":"P2002","level":"error","meta":{"modelName":"Application","target":["jobPostingId","applicantId"]},"name":"PrismaClientKnownRequestError","timestamp":"2025-05-21 21:13:49:1349"}
{"level":"info","message":"Database connected","timestamp":"2025-05-22 09:04:25:425"}
{"level":"info","message":"Prisma initialized","timestamp":"2025-05-22 09:04:25:425"}
{"level":"info","message":"Express initialized","timestamp":"2025-05-22 09:04:25:425"}
{"level":"info","message":"Server running on port http://localhost:3000","timestamp":"2025-05-22 09:04:25:425"}
{"level":"error","message":"PrismaClientKnownRequestError: \nInvalid `db.application.create()` invocation in\n/home/tonytor/jop-portal/type-ats-backend/src/service/applicantService.ts:60:46\n\n  57 }\n  58 \n  59 // Create the application record\n→ 60 const application = await db.application.create(\nUnique constraint failed on the fields: (`jobPostingId`,`applicantId`)\n    at Zn.handleRequestError (/home/tonytor/jop-portal/type-ats-backend/node_modules/@prisma/client/runtime/library.js:121:7459)\n    at Zn.handleAndLogRequestError (/home/tonytor/jop-portal/type-ats-backend/node_modules/@prisma/client/runtime/library.js:121:6784)\n    at Zn.request (/home/tonytor/jop-portal/type-ats-backend/node_modules/@prisma/client/runtime/library.js:121:6491)\n    at async l (/home/tonytor/jop-portal/type-ats-backend/node_modules/@prisma/client/runtime/library.js:130:9778)\n    at async Object.submitApplication (/home/tonytor/jop-portal/type-ats-backend/src/service/applicantService.ts:60:25)\n    at async /home/tonytor/jop-portal/type-ats-backend/src/controllers/applicationController.ts:38:25","timestamp":"2025-05-22 09:11:22:1122"}
{"clientVersion":"6.8.2","code":"P2002","level":"error","meta":{"modelName":"Application","target":["jobPostingId","applicantId"]},"name":"PrismaClientKnownRequestError","timestamp":"2025-05-22 09:11:22:1122"}
{"level":"info","message":"Database connected","timestamp":"2025-05-22 09:31:23:3123"}
{"level":"info","message":"Prisma initialized","timestamp":"2025-05-22 09:31:23:3123"}
{"level":"info","message":"Express initialized","timestamp":"2025-05-22 09:31:23:3123"}
{"level":"info","message":"Server running on port http://localhost:3000","timestamp":"2025-05-22 09:31:23:3123"}
{"level":"info","message":"Database connected","timestamp":"2025-05-22 09:58:05:585"}
{"level":"info","message":"Prisma initialized","timestamp":"2025-05-22 09:58:05:585"}
{"level":"info","message":"Express initialized","timestamp":"2025-05-22 09:58:05:585"}
{"level":"info","message":"Server running on port http://localhost:3000","timestamp":"2025-05-22 09:58:05:585"}
{"level":"error","message":"Error: Invalid CV file type. Only PDF, DOC, DOCX are allowed!\n    at fileFilter (/home/tonytor/jop-portal/type-ats-backend/src/middleware/uploadMiddleware.ts:71:9)\n    at wrappedFileFilter (/home/tonytor/jop-portal/type-ats-backend/node_modules/multer/index.js:44:7)\n    at Multipart.<anonymous> (/home/tonytor/jop-portal/type-ats-backend/node_modules/multer/lib/make-middleware.js:121:7)\n    at Multipart.emit (node:events:518:28)\n    at Multipart.emit (node:domain:488:12)\n    at HeaderParser.cb (/home/tonytor/jop-portal/type-ats-backend/node_modules/busboy/lib/types/multipart.js:358:14)\n    at HeaderParser.push (/home/tonytor/jop-portal/type-ats-backend/node_modules/busboy/lib/types/multipart.js:162:20)\n    at SBMH.ssCb [as _cb] (/home/tonytor/jop-portal/type-ats-backend/node_modules/busboy/lib/types/multipart.js:394:37)\n    at feed (/home/tonytor/jop-portal/type-ats-backend/node_modules/streamsearch/lib/sbmh.js:248:10)\n    at SBMH.push (/home/tonytor/jop-portal/type-ats-backend/node_modules/streamsearch/lib/sbmh.js:104:16)","timestamp":"2025-05-22 09:58:13:5813"}
{"level":"error","storageErrors":[],"timestamp":"2025-05-22 09:58:13:5813"}
{"level":"error","message":"Error: Invalid CV file type. Only PDF, DOC, DOCX are allowed!\n    at fileFilter (/home/tonytor/jop-portal/type-ats-backend/src/middleware/uploadMiddleware.ts:71:9)\n    at wrappedFileFilter (/home/tonytor/jop-portal/type-ats-backend/node_modules/multer/index.js:44:7)\n    at Multipart.<anonymous> (/home/tonytor/jop-portal/type-ats-backend/node_modules/multer/lib/make-middleware.js:121:7)\n    at Multipart.emit (node:events:518:28)\n    at Multipart.emit (node:domain:488:12)\n    at HeaderParser.cb (/home/tonytor/jop-portal/type-ats-backend/node_modules/busboy/lib/types/multipart.js:358:14)\n    at HeaderParser.push (/home/tonytor/jop-portal/type-ats-backend/node_modules/busboy/lib/types/multipart.js:162:20)\n    at SBMH.ssCb [as _cb] (/home/tonytor/jop-portal/type-ats-backend/node_modules/busboy/lib/types/multipart.js:394:37)\n    at feed (/home/tonytor/jop-portal/type-ats-backend/node_modules/streamsearch/lib/sbmh.js:200:10)\n    at SBMH.push (/home/tonytor/jop-portal/type-ats-backend/node_modules/streamsearch/lib/sbmh.js:104:16)","timestamp":"2025-05-22 09:58:28:5828"}
{"level":"error","storageErrors":[],"timestamp":"2025-05-22 09:58:28:5828"}
{"level":"info","message":"Database connected","timestamp":"2025-05-22 10:01:21:121"}
{"level":"info","message":"Prisma initialized","timestamp":"2025-05-22 10:01:21:121"}
{"level":"info","message":"Express initialized","timestamp":"2025-05-22 10:01:21:121"}
{"level":"info","message":"Server running on port http://localhost:3000","timestamp":"2025-05-22 10:01:21:121"}
{"level":"error","message":"Error: Invalid profile picture file type. Only JPEG, PNG are allowed!\n    at fileFilter (/home/tonytor/jop-portal/type-ats-backend/src/middleware/uploadMiddleware.ts:84:9)\n    at wrappedFileFilter (/home/tonytor/jop-portal/type-ats-backend/node_modules/multer/index.js:44:7)\n    at Multipart.<anonymous> (/home/tonytor/jop-portal/type-ats-backend/node_modules/multer/lib/make-middleware.js:121:7)\n    at Multipart.emit (node:events:518:28)\n    at Multipart.emit (node:domain:488:12)\n    at HeaderParser.cb (/home/tonytor/jop-portal/type-ats-backend/node_modules/busboy/lib/types/multipart.js:358:14)\n    at HeaderParser.push (/home/tonytor/jop-portal/type-ats-backend/node_modules/busboy/lib/types/multipart.js:162:20)\n    at SBMH.ssCb [as _cb] (/home/tonytor/jop-portal/type-ats-backend/node_modules/busboy/lib/types/multipart.js:394:37)\n    at feed (/home/tonytor/jop-portal/type-ats-backend/node_modules/streamsearch/lib/sbmh.js:219:14)\n    at SBMH.push (/home/tonytor/jop-portal/type-ats-backend/node_modules/streamsearch/lib/sbmh.js:104:16)","timestamp":"2025-05-22 10:08:43:843"}
{"level":"error","storageErrors":[],"timestamp":"2025-05-22 10:08:43:843"}
{"level":"info","message":"Database connected","timestamp":"2025-05-22 10:17:01:171"}
{"level":"info","message":"Prisma initialized","timestamp":"2025-05-22 10:17:01:171"}
{"level":"info","message":"Express initialized","timestamp":"2025-05-22 10:17:01:171"}
{"level":"info","message":"Server running on port http://localhost:3000","timestamp":"2025-05-22 10:17:01:171"}
{"level":"info","message":"Database connected","timestamp":"2025-05-22 10:20:32:2032"}
{"level":"info","message":"Prisma initialized","timestamp":"2025-05-22 10:20:32:2032"}
{"level":"info","message":"Express initialized","timestamp":"2025-05-22 10:20:32:2032"}
{"level":"info","message":"Server running on port http://localhost:3000","timestamp":"2025-05-22 10:20:32:2032"}
{"level":"error","message":"Error: Malformed part header\n    at SBMH.ssCb [as _cb] (/home/tonytor/jop-portal/type-ats-backend/node_modules/busboy/lib/types/multipart.js:398:32)\n    at feed (/home/tonytor/jop-portal/type-ats-backend/node_modules/streamsearch/lib/sbmh.js:219:14)\n    at SBMH.push (/home/tonytor/jop-portal/type-ats-backend/node_modules/streamsearch/lib/sbmh.js:104:16)\n    at Multipart._write (/home/tonytor/jop-portal/type-ats-backend/node_modules/busboy/lib/types/multipart.js:567:19)\n    at writeOrBuffer (node:internal/streams/writable:564:12)\n    at _write (node:internal/streams/writable:493:10)\n    at Multipart.Writable.write (node:internal/streams/writable:502:10)\n    at IncomingMessage.ondata (node:internal/streams/readable:1007:22)\n    at IncomingMessage.emit (node:events:518:28)\n    at IncomingMessage.emit (node:domain:488:12)","timestamp":"2025-05-22 10:25:17:2517"}
{"level":"error","storageErrors":[],"timestamp":"2025-05-22 10:25:17:2517"}
{"level":"error","message":"Error: Malformed part header\n    at SBMH.ssCb [as _cb] (/home/tonytor/jop-portal/type-ats-backend/node_modules/busboy/lib/types/multipart.js:398:32)\n    at feed (/home/tonytor/jop-portal/type-ats-backend/node_modules/streamsearch/lib/sbmh.js:219:14)\n    at SBMH.push (/home/tonytor/jop-portal/type-ats-backend/node_modules/streamsearch/lib/sbmh.js:104:16)\n    at Multipart._write (/home/tonytor/jop-portal/type-ats-backend/node_modules/busboy/lib/types/multipart.js:567:19)\n    at writeOrBuffer (node:internal/streams/writable:564:12)\n    at _write (node:internal/streams/writable:493:10)\n    at Multipart.Writable.write (node:internal/streams/writable:502:10)\n    at IncomingMessage.ondata (node:internal/streams/readable:1007:22)\n    at IncomingMessage.emit (node:events:518:28)\n    at IncomingMessage.emit (node:domain:488:12)","timestamp":"2025-05-22 10:25:57:2557"}
{"level":"error","storageErrors":[],"timestamp":"2025-05-22 10:25:57:2557"}
{"level":"error","message":"Error: Malformed part header\n    at SBMH.ssCb [as _cb] (/home/tonytor/jop-portal/type-ats-backend/node_modules/busboy/lib/types/multipart.js:398:32)\n    at feed (/home/tonytor/jop-portal/type-ats-backend/node_modules/streamsearch/lib/sbmh.js:219:14)\n    at SBMH.push (/home/tonytor/jop-portal/type-ats-backend/node_modules/streamsearch/lib/sbmh.js:104:16)\n    at Multipart._write (/home/tonytor/jop-portal/type-ats-backend/node_modules/busboy/lib/types/multipart.js:567:19)\n    at writeOrBuffer (node:internal/streams/writable:564:12)\n    at _write (node:internal/streams/writable:493:10)\n    at Multipart.Writable.write (node:internal/streams/writable:502:10)\n    at IncomingMessage.ondata (node:internal/streams/readable:1007:22)\n    at IncomingMessage.emit (node:events:518:28)\n    at IncomingMessage.emit (node:domain:488:12)","timestamp":"2025-05-22 10:26:19:2619"}
{"level":"error","storageErrors":[],"timestamp":"2025-05-22 10:26:19:2619"}
{"level":"info","message":"Database connected","timestamp":"2025-05-22 10:38:26:3826"}
{"level":"info","message":"Prisma initialized","timestamp":"2025-05-22 10:38:26:3826"}
{"level":"info","message":"Express initialized","timestamp":"2025-05-22 10:38:26:3826"}
{"level":"info","message":"Server running on port http://localhost:3000","timestamp":"2025-05-22 10:38:26:3826"}
{"level":"info","message":"SIGTERM received","timestamp":"2025-05-22 10:40:24:4024"}
{"level":"info","message":"Database connected","timestamp":"2025-05-22 11:17:05:175"}
{"level":"info","message":"Prisma initialized","timestamp":"2025-05-22 11:17:05:175"}
{"level":"info","message":"Express initialized","timestamp":"2025-05-22 11:17:05:175"}
{"level":"info","message":"Server running on port http://localhost:3000","timestamp":"2025-05-22 11:17:05:175"}
{"level":"info","message":"Database connected","timestamp":"2025-05-22 11:48:09:489"}
{"level":"info","message":"Prisma initialized","timestamp":"2025-05-22 11:48:09:489"}
{"level":"info","message":"Express initialized","timestamp":"2025-05-22 11:48:09:489"}
{"level":"info","message":"Server running on port http://localhost:3000","timestamp":"2025-05-22 11:48:09:489"}
{"level":"error","message":"SyntaxError: Unexpected token '`', ...\"  \"cvFile\"`: A singl\"... is not valid JSON\n    at JSON.parse (<anonymous>)\n    at parse (/home/tonytor/jop-portal/type-ats-backend/node_modules/body-parser/lib/types/json.js:77:19)\n    at /home/tonytor/jop-portal/type-ats-backend/node_modules/body-parser/lib/read.js:123:18\n    at AsyncResource.runInAsyncScope (node:async_hooks:206:9)\n    at invokeCallback (/home/tonytor/jop-portal/type-ats-backend/node_modules/raw-body/index.js:238:16)\n    at done (/home/tonytor/jop-portal/type-ats-backend/node_modules/raw-body/index.js:227:7)\n    at IncomingMessage.onEnd (/home/tonytor/jop-portal/type-ats-backend/node_modules/raw-body/index.js:287:7)\n    at IncomingMessage.emit (node:events:518:28)\n    at IncomingMessage.emit (node:domain:488:12)\n    at endReadableNT (node:internal/streams/readable:1696:12)","timestamp":"2025-05-22 11:51:51:5151"}
{"body":"\n    {\n    \"fullName\": \"tsinat Doe\",\n    \"email\": \"tisu.doe@example.com\",\n    \"yearsOfExperience\": \"6\",\n    \"highestEducation\": \"Bachelor's Degree\",\n    \"cvFile\"`: A single file input for the CV (PDF, DOC, DOCX). (Required)\n * - `profilePictureFile`: A single file input for the profile picture (JPEG, PNG). (Optional)\n * - `coverLetterFile`: A single file input for the cover letter (PDF, DOC, DOCX). (Optional)\n    \"jobPostingId\": \"9115d99d-5ec6-424c-9d8d-b3b12fe46149\"\n}\n","expose":true,"level":"error","status":400,"statusCode":400,"timestamp":"2025-05-22 11:51:51:5151","type":"entity.parse.failed"}
{"level":"error","message":"SyntaxError: Unexpected token '`', ...\"  \"cvFile\"`: A singl\"... is not valid JSON\n    at JSON.parse (<anonymous>)\n    at parse (/home/tonytor/jop-portal/type-ats-backend/node_modules/body-parser/lib/types/json.js:77:19)\n    at /home/tonytor/jop-portal/type-ats-backend/node_modules/body-parser/lib/read.js:123:18\n    at AsyncResource.runInAsyncScope (node:async_hooks:206:9)\n    at invokeCallback (/home/tonytor/jop-portal/type-ats-backend/node_modules/raw-body/index.js:238:16)\n    at done (/home/tonytor/jop-portal/type-ats-backend/node_modules/raw-body/index.js:227:7)\n    at IncomingMessage.onEnd (/home/tonytor/jop-portal/type-ats-backend/node_modules/raw-body/index.js:287:7)\n    at IncomingMessage.emit (node:events:518:28)\n    at IncomingMessage.emit (node:domain:488:12)\n    at endReadableNT (node:internal/streams/readable:1696:12)","timestamp":"2025-05-22 11:52:43:5243"}
{"body":"\n    {\n    \"fullName\": \"tsinat Doe\",\n    \"email\": \"tisu.doe@example.com\",\n    \"yearsOfExperience\": \"6\",\n    \"highestEducation\": \"Bachelor's Degree\",\n    \"cvFile\"`: A single file input for the CV (PDF, DOC, DOCX). (Required)\n * - `profilePictureFile`: A single file input for the profile picture (JPEG, PNG). (Optional)\n * - `coverLetterFile`: A single file input for the cover letter (PDF, DOC, DOCX). (Optional)\n    \"jobPostingId\": \"9115d99d-5ec6-424c-9d8d-b3b12fe46149\"\n}\n","expose":true,"level":"error","status":400,"statusCode":400,"timestamp":"2025-05-22 11:52:43:5243","type":"entity.parse.failed"}
{"level":"error","message":"TypeError: Cannot read properties of undefined (reading 'cvFile')\n    at /home/tonytor/jop-portal/type-ats-backend/src/controllers/applicationController.ts:32:37\n    at /home/tonytor/jop-portal/type-ats-backend/src/utils/catchAsync.ts:7:21\n    at Layer.handleRequest (/home/tonytor/jop-portal/type-ats-backend/node_modules/router/lib/layer.js:152:17)\n    at next (/home/tonytor/jop-portal/type-ats-backend/node_modules/router/lib/route.js:157:13)\n    at Route.dispatch (/home/tonytor/jop-portal/type-ats-backend/node_modules/router/lib/route.js:117:3)\n    at handle (/home/tonytor/jop-portal/type-ats-backend/node_modules/router/index.js:435:11)\n    at Layer.handleRequest (/home/tonytor/jop-portal/type-ats-backend/node_modules/router/lib/layer.js:152:17)\n    at /home/tonytor/jop-portal/type-ats-backend/node_modules/router/index.js:295:15\n    at processParams (/home/tonytor/jop-portal/type-ats-backend/node_modules/router/index.js:582:12)\n    at next (/home/tonytor/jop-portal/type-ats-backend/node_modules/router/index.js:291:5)","timestamp":"2025-05-22 11:54:36:5436"}
{"level":"error","timestamp":"2025-05-22 11:54:36:5436"}
{"level":"info","message":"Database connected","timestamp":"2025-05-22 12:47:41:4741"}
{"level":"info","message":"Prisma initialized","timestamp":"2025-05-22 12:47:41:4741"}
{"level":"info","message":"Express initialized","timestamp":"2025-05-22 12:47:41:4741"}
{"level":"info","message":"Server running on port http://localhost:3000","timestamp":"2025-05-22 12:47:41:4741"}
{"level":"info","message":"Database connected","timestamp":"2025-05-22 12:47:58:4758"}
{"level":"info","message":"Prisma initialized","timestamp":"2025-05-22 12:47:58:4758"}
{"level":"info","message":"Express initialized","timestamp":"2025-05-22 12:47:58:4758"}
{"level":"info","message":"Server running on port http://localhost:3000","timestamp":"2025-05-22 12:47:58:4758"}
{"level":"info","message":"Database connected","timestamp":"2025-05-22 13:17:33:1733"}
{"level":"info","message":"Prisma initialized","timestamp":"2025-05-22 13:17:33:1733"}
{"level":"info","message":"Express initialized","timestamp":"2025-05-22 13:17:33:1733"}
{"level":"info","message":"Server running on port http://localhost:3000","timestamp":"2025-05-22 13:17:33:1733"}
{"level":"info","message":"Database connected","timestamp":"2025-05-22 13:18:01:181"}
{"level":"info","message":"Prisma initialized","timestamp":"2025-05-22 13:18:01:181"}
{"level":"info","message":"Express initialized","timestamp":"2025-05-22 13:18:01:181"}
{"level":"info","message":"Server running on port http://localhost:3000","timestamp":"2025-05-22 13:18:01:181"}
{"level":"info","message":"Database connected","timestamp":"2025-05-22 13:20:00:200"}
{"level":"info","message":"Prisma initialized","timestamp":"2025-05-22 13:20:00:200"}
{"level":"info","message":"Express initialized","timestamp":"2025-05-22 13:20:00:200"}
{"level":"info","message":"Server running on port http://localhost:3000","timestamp":"2025-05-22 13:20:00:200"}
{"level":"info","message":"Database connected","timestamp":"2025-05-22 13:20:32:2032"}
{"level":"info","message":"Prisma initialized","timestamp":"2025-05-22 13:20:32:2032"}
{"level":"info","message":"Express initialized","timestamp":"2025-05-22 13:20:32:2032"}
{"level":"info","message":"Server running on port http://localhost:3000","timestamp":"2025-05-22 13:20:32:2032"}
{"level":"error","message":"Error: Malformed part header\n    at SBMH.ssCb [as _cb] (/home/tonytor/jop-portal/type-ats-backend/node_modules/busboy/lib/types/multipart.js:398:32)\n    at feed (/home/tonytor/jop-portal/type-ats-backend/node_modules/streamsearch/lib/sbmh.js:219:14)\n    at SBMH.push (/home/tonytor/jop-portal/type-ats-backend/node_modules/streamsearch/lib/sbmh.js:104:16)\n    at Multipart._write (/home/tonytor/jop-portal/type-ats-backend/node_modules/busboy/lib/types/multipart.js:567:19)\n    at writeOrBuffer (node:internal/streams/writable:564:12)\n    at _write (node:internal/streams/writable:493:10)\n    at Multipart.Writable.write (node:internal/streams/writable:502:10)\n    at IncomingMessage.ondata (node:internal/streams/readable:1007:22)\n    at IncomingMessage.emit (node:events:518:28)\n    at IncomingMessage.emit (node:domain:488:12)","timestamp":"2025-05-22 13:27:52:2752"}
{"level":"error","storageErrors":[],"timestamp":"2025-05-22 13:27:52:2752"}
{"level":"error","message":"Error: Malformed part header\n    at SBMH.ssCb [as _cb] (/home/tonytor/jop-portal/type-ats-backend/node_modules/busboy/lib/types/multipart.js:398:32)\n    at feed (/home/tonytor/jop-portal/type-ats-backend/node_modules/streamsearch/lib/sbmh.js:219:14)\n    at SBMH.push (/home/tonytor/jop-portal/type-ats-backend/node_modules/streamsearch/lib/sbmh.js:104:16)\n    at Multipart._write (/home/tonytor/jop-portal/type-ats-backend/node_modules/busboy/lib/types/multipart.js:567:19)\n    at writeOrBuffer (node:internal/streams/writable:564:12)\n    at _write (node:internal/streams/writable:493:10)\n    at Multipart.Writable.write (node:internal/streams/writable:502:10)\n    at IncomingMessage.ondata (node:internal/streams/readable:1007:22)\n    at IncomingMessage.emit (node:events:518:28)\n    at IncomingMessage.emit (node:domain:488:12)","timestamp":"2025-05-22 13:29:08:298"}
{"level":"error","storageErrors":[],"timestamp":"2025-05-22 13:29:08:298"}
{"level":"info","message":"Database connected","timestamp":"2025-05-22 13:53:05:535"}
{"level":"info","message":"Prisma initialized","timestamp":"2025-05-22 13:53:05:535"}
{"level":"info","message":"Express initialized","timestamp":"2025-05-22 13:53:05:535"}
{"level":"info","message":"Server running on port http://localhost:3000","timestamp":"2025-05-22 13:53:05:535"}
{"level":"error","message":"Error: Malformed part header\n    at SBMH.ssCb [as _cb] (/home/tonytor/jop-portal/type-ats-backend/node_modules/busboy/lib/types/multipart.js:398:32)\n    at feed (/home/tonytor/jop-portal/type-ats-backend/node_modules/streamsearch/lib/sbmh.js:219:14)\n    at SBMH.push (/home/tonytor/jop-portal/type-ats-backend/node_modules/streamsearch/lib/sbmh.js:104:16)\n    at Multipart._write (/home/tonytor/jop-portal/type-ats-backend/node_modules/busboy/lib/types/multipart.js:567:19)\n    at writeOrBuffer (node:internal/streams/writable:564:12)\n    at _write (node:internal/streams/writable:493:10)\n    at Multipart.Writable.write (node:internal/streams/writable:502:10)\n    at IncomingMessage.ondata (node:internal/streams/readable:1007:22)\n    at IncomingMessage.emit (node:events:518:28)\n    at IncomingMessage.emit (node:domain:488:12)","timestamp":"2025-05-22 14:03:47:347"}
{"level":"error","storageErrors":[],"timestamp":"2025-05-22 14:03:47:347"}
{"level":"error","message":"Error: Malformed part header\n    at SBMH.ssCb [as _cb] (/home/tonytor/jop-portal/type-ats-backend/node_modules/busboy/lib/types/multipart.js:398:32)\n    at feed (/home/tonytor/jop-portal/type-ats-backend/node_modules/streamsearch/lib/sbmh.js:219:14)\n    at SBMH.push (/home/tonytor/jop-portal/type-ats-backend/node_modules/streamsearch/lib/sbmh.js:104:16)\n    at Multipart._write (/home/tonytor/jop-portal/type-ats-backend/node_modules/busboy/lib/types/multipart.js:567:19)\n    at writeOrBuffer (node:internal/streams/writable:564:12)\n    at _write (node:internal/streams/writable:493:10)\n    at Multipart.Writable.write (node:internal/streams/writable:502:10)\n    at IncomingMessage.ondata (node:internal/streams/readable:1007:22)\n    at IncomingMessage.emit (node:events:518:28)\n    at IncomingMessage.emit (node:domain:488:12)","timestamp":"2025-05-22 14:17:44:1744"}
{"level":"error","storageErrors":[],"timestamp":"2025-05-22 14:17:44:1744"}
{"level":"error","message":"Error: Malformed part header\n    at SBMH.ssCb [as _cb] (/home/tonytor/jop-portal/type-ats-backend/node_modules/busboy/lib/types/multipart.js:398:32)\n    at feed (/home/tonytor/jop-portal/type-ats-backend/node_modules/streamsearch/lib/sbmh.js:219:14)\n    at SBMH.push (/home/tonytor/jop-portal/type-ats-backend/node_modules/streamsearch/lib/sbmh.js:104:16)\n    at Multipart._write (/home/tonytor/jop-portal/type-ats-backend/node_modules/busboy/lib/types/multipart.js:567:19)\n    at writeOrBuffer (node:internal/streams/writable:564:12)\n    at _write (node:internal/streams/writable:493:10)\n    at Multipart.Writable.write (node:internal/streams/writable:502:10)\n    at IncomingMessage.ondata (node:internal/streams/readable:1007:22)\n    at IncomingMessage.emit (node:events:518:28)\n    at IncomingMessage.emit (node:domain:488:12)","timestamp":"2025-05-22 14:19:26:1926"}
{"level":"error","storageErrors":[],"timestamp":"2025-05-22 14:19:26:1926"}
{"level":"error","message":"Error: Malformed part header\n    at SBMH.ssCb [as _cb] (/home/tonytor/jop-portal/type-ats-backend/node_modules/busboy/lib/types/multipart.js:398:32)\n    at feed (/home/tonytor/jop-portal/type-ats-backend/node_modules/streamsearch/lib/sbmh.js:219:14)\n    at SBMH.push (/home/tonytor/jop-portal/type-ats-backend/node_modules/streamsearch/lib/sbmh.js:104:16)\n    at Multipart._write (/home/tonytor/jop-portal/type-ats-backend/node_modules/busboy/lib/types/multipart.js:567:19)\n    at writeOrBuffer (node:internal/streams/writable:564:12)\n    at _write (node:internal/streams/writable:493:10)\n    at Multipart.Writable.write (node:internal/streams/writable:502:10)\n    at IncomingMessage.ondata (node:internal/streams/readable:1007:22)\n    at IncomingMessage.emit (node:events:518:28)\n    at IncomingMessage.emit (node:domain:488:12)","timestamp":"2025-05-22 14:19:44:1944"}
{"level":"error","storageErrors":[],"timestamp":"2025-05-22 14:19:44:1944"}
{"level":"error","message":"Error: Malformed part header\n    at SBMH.ssCb [as _cb] (/home/tonytor/jop-portal/type-ats-backend/node_modules/busboy/lib/types/multipart.js:398:32)\n    at feed (/home/tonytor/jop-portal/type-ats-backend/node_modules/streamsearch/lib/sbmh.js:219:14)\n    at SBMH.push (/home/tonytor/jop-portal/type-ats-backend/node_modules/streamsearch/lib/sbmh.js:104:16)\n    at Multipart._write (/home/tonytor/jop-portal/type-ats-backend/node_modules/busboy/lib/types/multipart.js:567:19)\n    at writeOrBuffer (node:internal/streams/writable:564:12)\n    at _write (node:internal/streams/writable:493:10)\n    at Multipart.Writable.write (node:internal/streams/writable:502:10)\n    at IncomingMessage.ondata (node:internal/streams/readable:1007:22)\n    at IncomingMessage.emit (node:events:518:28)\n    at IncomingMessage.emit (node:domain:488:12)","timestamp":"2025-05-22 14:20:03:203"}
{"level":"error","storageErrors":[],"timestamp":"2025-05-22 14:20:03:203"}
{"level":"error","message":"Error: Malformed part header\n    at SBMH.ssCb [as _cb] (/home/tonytor/jop-portal/type-ats-backend/node_modules/busboy/lib/types/multipart.js:398:32)\n    at feed (/home/tonytor/jop-portal/type-ats-backend/node_modules/streamsearch/lib/sbmh.js:219:14)\n    at SBMH.push (/home/tonytor/jop-portal/type-ats-backend/node_modules/streamsearch/lib/sbmh.js:104:16)\n    at Multipart._write (/home/tonytor/jop-portal/type-ats-backend/node_modules/busboy/lib/types/multipart.js:567:19)\n    at writeOrBuffer (node:internal/streams/writable:564:12)\n    at _write (node:internal/streams/writable:493:10)\n    at Multipart.Writable.write (node:internal/streams/writable:502:10)\n    at IncomingMessage.ondata (node:internal/streams/readable:1007:22)\n    at IncomingMessage.emit (node:events:518:28)\n    at IncomingMessage.emit (node:domain:488:12)","timestamp":"2025-05-22 14:28:04:284"}
{"level":"error","storageErrors":[],"timestamp":"2025-05-22 14:28:04:284"}
{"level":"info","message":"Database connected","timestamp":"2025-05-22 15:43:15:4315"}
{"level":"info","message":"Prisma initialized","timestamp":"2025-05-22 15:43:15:4315"}
{"level":"info","message":"Express initialized","timestamp":"2025-05-22 15:43:15:4315"}
{"level":"info","message":"Server running on port http://localhost:3000","timestamp":"2025-05-22 15:43:16:4316"}
{"level":"info","message":"Database connected","timestamp":"2025-05-22 15:47:15:4715"}
{"level":"info","message":"Prisma initialized","timestamp":"2025-05-22 15:47:15:4715"}
{"level":"info","message":"Express initialized","timestamp":"2025-05-22 15:47:15:4715"}
{"level":"info","message":"Server running on port http://localhost:3000","timestamp":"2025-05-22 15:47:15:4715"}
{"level":"info","message":"Database connected","timestamp":"2025-05-22 15:47:45:4745"}
{"level":"info","message":"Prisma initialized","timestamp":"2025-05-22 15:47:45:4745"}
{"level":"info","message":"Express initialized","timestamp":"2025-05-22 15:47:45:4745"}
{"level":"info","message":"Server running on port http://localhost:3000","timestamp":"2025-05-22 15:47:45:4745"}
{"level":"info","message":"Database connected","timestamp":"2025-05-22 15:54:57:5457"}
{"level":"info","message":"Prisma initialized","timestamp":"2025-05-22 15:54:57:5457"}
{"level":"info","message":"Express initialized","timestamp":"2025-05-22 15:54:57:5457"}
{"level":"info","message":"Server running on port http://localhost:3000","timestamp":"2025-05-22 15:54:57:5457"}
{"level":"info","message":"Database connected","timestamp":"2025-05-22 16:04:29:429"}
{"level":"info","message":"Prisma initialized","timestamp":"2025-05-22 16:04:29:429"}
{"level":"info","message":"Express initialized","timestamp":"2025-05-22 16:04:29:429"}
{"level":"info","message":"Server running on port http://localhost:3000","timestamp":"2025-05-22 16:04:29:429"}
{"level":"info","message":"Database connected","timestamp":"2025-05-22 16:08:01:81"}
{"level":"info","message":"Prisma initialized","timestamp":"2025-05-22 16:08:01:81"}
{"level":"info","message":"Express initialized","timestamp":"2025-05-22 16:08:01:81"}
{"level":"info","message":"Server running on port http://localhost:3000","timestamp":"2025-05-22 16:08:01:81"}
{"level":"info","message":"Database connected","timestamp":"2025-05-22 16:09:56:956"}
{"level":"info","message":"Prisma initialized","timestamp":"2025-05-22 16:09:56:956"}
{"level":"info","message":"Express initialized","timestamp":"2025-05-22 16:09:56:956"}
{"level":"info","message":"Server running on port http://localhost:3000","timestamp":"2025-05-22 16:09:56:956"}
{"level":"info","message":"Database connected","timestamp":"2025-05-22 16:11:54:1154"}
{"level":"info","message":"Prisma initialized","timestamp":"2025-05-22 16:11:54:1154"}
{"level":"info","message":"Express initialized","timestamp":"2025-05-22 16:11:54:1154"}
{"level":"info","message":"Server running on port http://localhost:3000","timestamp":"2025-05-22 16:11:54:1154"}
{"level":"info","message":"Database connected","timestamp":"2025-05-22 16:12:23:1223"}
{"level":"info","message":"Prisma initialized","timestamp":"2025-05-22 16:12:23:1223"}
{"level":"info","message":"Express initialized","timestamp":"2025-05-22 16:12:23:1223"}
{"level":"info","message":"Server running on port http://localhost:3000","timestamp":"2025-05-22 16:12:23:1223"}
{"level":"info","message":"Database connected","timestamp":"2025-05-22 16:12:28:1228"}
{"level":"info","message":"Prisma initialized","timestamp":"2025-05-22 16:12:28:1228"}
{"level":"info","message":"Express initialized","timestamp":"2025-05-22 16:12:28:1228"}
{"level":"info","message":"Server running on port http://localhost:3000","timestamp":"2025-05-22 16:12:28:1228"}
{"level":"info","message":"Database connected","timestamp":"2025-05-22 16:12:55:1255"}
{"level":"info","message":"Prisma initialized","timestamp":"2025-05-22 16:12:55:1255"}
{"level":"info","message":"Express initialized","timestamp":"2025-05-22 16:12:55:1255"}
{"level":"info","message":"Server running on port http://localhost:3000","timestamp":"2025-05-22 16:12:55:1255"}
{"level":"info","message":"Database connected","timestamp":"2025-05-22 16:13:11:1311"}
{"level":"info","message":"Prisma initialized","timestamp":"2025-05-22 16:13:11:1311"}
{"level":"info","message":"Express initialized","timestamp":"2025-05-22 16:13:11:1311"}
{"level":"info","message":"Server running on port http://localhost:3000","timestamp":"2025-05-22 16:13:11:1311"}
{"level":"info","message":"Database connected","timestamp":"2025-05-22 16:18:07:187"}
{"level":"info","message":"Prisma initialized","timestamp":"2025-05-22 16:18:07:187"}
{"level":"info","message":"Express initialized","timestamp":"2025-05-22 16:18:07:187"}
{"level":"info","message":"Server running on port http://localhost:3000","timestamp":"2025-05-22 16:18:07:187"}
{"level":"error","message":"Error: Invalid credentials.\n    at Object.loginUser (/home/tonytor/jop-portal/type-ats-backend/src/service/authService.ts:65:21)\n    at async /home/tonytor/jop-portal/type-ats-backend/src/controllers/authController.ts:46:29","timestamp":"2025-05-22 18:08:03:83"}
{"level":"error","statusCode":401,"timestamp":"2025-05-22 18:08:03:83"}
{"level":"info","message":"Database connected","timestamp":"2025-05-22 18:15:23:1523"}
{"level":"info","message":"Prisma initialized","timestamp":"2025-05-22 18:15:23:1523"}
{"level":"info","message":"Express initialized","timestamp":"2025-05-22 18:15:23:1523"}
{"level":"info","message":"Server running on port http://localhost:3000","timestamp":"2025-05-22 18:15:23:1523"}
{"level":"info","message":"Database connected","timestamp":"2025-05-22 18:16:19:1619"}
{"level":"info","message":"Prisma initialized","timestamp":"2025-05-22 18:16:19:1619"}
{"level":"info","message":"Express initialized","timestamp":"2025-05-22 18:16:19:1619"}
{"level":"info","message":"Server running on port http://localhost:3000","timestamp":"2025-05-22 18:16:19:1619"}
{"level":"info","message":"Database connected","timestamp":"2025-05-22 18:17:05:175"}
{"level":"info","message":"Prisma initialized","timestamp":"2025-05-22 18:17:05:175"}
{"level":"info","message":"Express initialized","timestamp":"2025-05-22 18:17:05:175"}
{"level":"info","message":"Server running on port http://localhost:3000","timestamp":"2025-05-22 18:17:05:175"}
{"level":"info","message":"Database connected","timestamp":"2025-05-22 18:35:22:3522"}
{"level":"info","message":"Prisma initialized","timestamp":"2025-05-22 18:35:22:3522"}
{"level":"info","message":"Express initialized","timestamp":"2025-05-22 18:35:22:3522"}
{"level":"info","message":"Server running on port http://localhost:3000","timestamp":"2025-05-22 18:35:22:3522"}
{"level":"info","message":"Database connected","timestamp":"2025-05-22 18:54:14:5414"}
{"level":"info","message":"Prisma initialized","timestamp":"2025-05-22 18:54:14:5414"}
{"level":"info","message":"Express initialized","timestamp":"2025-05-22 18:54:14:5414"}
{"level":"info","message":"Server running on port http://localhost:3000","timestamp":"2025-05-22 18:54:14:5414"}
{"level":"error","message":"MulterError: File too large\n    at abortWithCode (/home/tonytor/jop-portal/type-ats-backend/node_modules/multer/lib/make-middleware.js:85:22)\n    at FileStream.<anonymous> (/home/tonytor/jop-portal/type-ats-backend/node_modules/multer/lib/make-middleware.js:148:11)\n    at FileStream.emit (node:events:518:28)\n    at FileStream.emit (node:domain:488:12)\n    at SBMH.ssCb [as _cb] (/home/tonytor/jop-portal/type-ats-backend/node_modules/busboy/lib/types/multipart.js:479:32)\n    at feed (/home/tonytor/jop-portal/type-ats-backend/node_modules/streamsearch/lib/sbmh.js:248:10)\n    at SBMH.push (/home/tonytor/jop-portal/type-ats-backend/node_modules/streamsearch/lib/sbmh.js:104:16)\n    at Multipart._write (/home/tonytor/jop-portal/type-ats-backend/node_modules/busboy/lib/types/multipart.js:567:19)\n    at writeOrBuffer (node:internal/streams/writable:564:12)\n    at _write (node:internal/streams/writable:493:10)","timestamp":"2025-05-22 19:03:16:316"}
{"code":"LIMIT_FILE_SIZE","field":"cvFile","level":"error","message":"File too large","name":"MulterError","storageErrors":[],"timestamp":"2025-05-22 19:03:16:316"}
{"level":"info","message":"Database connected","timestamp":"2025-05-23 08:20:41:2041"}
{"level":"info","message":"Prisma initialized","timestamp":"2025-05-23 08:20:41:2041"}
{"level":"info","message":"Express initialized","timestamp":"2025-05-23 08:20:41:2041"}
{"level":"info","message":"Server running on port http://localhost:3000","timestamp":"2025-05-23 08:20:41:2041"}
{"level":"info","message":"Database connected","timestamp":"2025-05-23 17:15:52:1552"}
{"level":"info","message":"Prisma initialized","timestamp":"2025-05-23 17:15:52:1552"}
{"level":"info","message":"Express initialized","timestamp":"2025-05-23 17:15:52:1552"}
{"level":"info","message":"Server running on port http://localhost:3000","timestamp":"2025-05-23 17:15:52:1552"}
{"level":"info","message":"Database connected","timestamp":"2025-05-23 17:19:46:1946"}
{"level":"info","message":"Prisma initialized","timestamp":"2025-05-23 17:19:46:1946"}
{"level":"info","message":"Express initialized","timestamp":"2025-05-23 17:19:46:1946"}
{"level":"info","message":"Server running on port http://localhost:3000","timestamp":"2025-05-23 17:19:46:1946"}
{"level":"info","message":"Database connected","timestamp":"2025-05-23 17:23:37:2337"}
{"level":"info","message":"Prisma initialized","timestamp":"2025-05-23 17:23:37:2337"}
{"level":"info","message":"Express initialized","timestamp":"2025-05-23 17:23:37:2337"}
{"level":"info","message":"Server running on port http://localhost:3000","timestamp":"2025-05-23 17:23:37:2337"}
{"level":"info","message":"Database connected","timestamp":"2025-05-24 09:31:42:3142"}
{"level":"info","message":"Prisma initialized","timestamp":"2025-05-24 09:31:42:3142"}
{"level":"info","message":"Express initialized","timestamp":"2025-05-24 09:31:42:3142"}
{"level":"info","message":"Server running on port http://localhost:3000","timestamp":"2025-05-24 09:31:42:3142"}
{"level":"info","message":"Database connected","timestamp":"2025-05-24 09:32:38:3238"}
{"level":"info","message":"Prisma initialized","timestamp":"2025-05-24 09:32:38:3238"}
{"level":"info","message":"Express initialized","timestamp":"2025-05-24 09:32:38:3238"}
{"level":"info","message":"Server running on port http://localhost:3000","timestamp":"2025-05-24 09:32:38:3238"}
{"level":"info","message":"Database connected","timestamp":"2025-05-24 10:04:12:412"}
{"level":"info","message":"Prisma initialized","timestamp":"2025-05-24 10:04:12:412"}
{"level":"info","message":"Express initialized","timestamp":"2025-05-24 10:04:12:412"}
{"level":"info","message":"Server running on port http://localhost:3000","timestamp":"2025-05-24 10:04:12:412"}
{"level":"info","message":"Database connected","timestamp":"2025-05-24 10:24:10:2410"}
{"level":"info","message":"Prisma initialized","timestamp":"2025-05-24 10:24:10:2410"}
{"level":"info","message":"Express initialized","timestamp":"2025-05-24 10:24:10:2410"}
{"level":"info","message":"Server running on port http://localhost:3000","timestamp":"2025-05-24 10:24:10:2410"}
{"level":"info","message":"Database connected","timestamp":"2025-05-24 10:30:34:3034"}
{"level":"info","message":"Prisma initialized","timestamp":"2025-05-24 10:30:34:3034"}
{"level":"info","message":"Express initialized","timestamp":"2025-05-24 10:30:34:3034"}
{"level":"info","message":"Server running on port http://localhost:3000","timestamp":"2025-05-24 10:30:34:3034"}
{"level":"info","message":"Database connected","timestamp":"2025-05-24 10:36:15:3615"}
{"level":"info","message":"Prisma initialized","timestamp":"2025-05-24 10:36:15:3615"}
{"level":"info","message":"Express initialized","timestamp":"2025-05-24 10:36:15:3615"}
{"level":"info","message":"Server running on port http://localhost:3000","timestamp":"2025-05-24 10:36:15:3615"}
{"level":"info","message":"Database connected","timestamp":"2025-05-24 10:50:31:5031"}
{"level":"info","message":"Prisma initialized","timestamp":"2025-05-24 10:50:31:5031"}
{"level":"info","message":"Express initialized","timestamp":"2025-05-24 10:50:31:5031"}
{"level":"info","message":"Server running on port http://localhost:3000","timestamp":"2025-05-24 10:50:31:5031"}
{"level":"info","message":"Database connected","timestamp":"2025-05-24 10:56:32:5632"}
{"level":"info","message":"Prisma initialized","timestamp":"2025-05-24 10:56:32:5632"}
{"level":"info","message":"Express initialized","timestamp":"2025-05-24 10:56:32:5632"}
{"level":"info","message":"Server running on port http://localhost:3000","timestamp":"2025-05-24 10:56:32:5632"}
{"level":"info","message":"Database connected","timestamp":"2025-05-24 10:57:05:575"}
{"level":"info","message":"Prisma initialized","timestamp":"2025-05-24 10:57:05:575"}
{"level":"info","message":"Express initialized","timestamp":"2025-05-24 10:57:05:575"}
{"level":"info","message":"Server running on port http://localhost:3000","timestamp":"2025-05-24 10:57:05:575"}
{"level":"error","message":"Error: Invalid credentials.\n    at Object.loginUser (/home/tonytor/jop-portal/type-ats-backend/src/service/authService.ts:65:21)\n    at async /home/tonytor/jop-portal/type-ats-backend/src/controllers/authController.ts:46:29","timestamp":"2025-05-25 08:29:24:2924"}
{"level":"error","statusCode":401,"timestamp":"2025-05-25 08:29:24:2924"}
{"level":"info","message":"Database connected","timestamp":"2025-05-25 08:47:33:4733"}
{"level":"info","message":"Prisma initialized","timestamp":"2025-05-25 08:47:33:4733"}
{"level":"info","message":"Express initialized","timestamp":"2025-05-25 08:47:33:4733"}
{"level":"info","message":"Server running on port http://localhost:3000","timestamp":"2025-05-25 08:47:33:4733"}
{"level":"error","message":"TypeError: Cannot destructure property 'fullName' of 'req.body' as it is undefined.\n    at /home/tonytor/jop-portal/type-ats-backend/src/controllers/applicationController.ts:17:7\n    at /home/tonytor/jop-portal/type-ats-backend/src/utils/catchAsync.ts:7:21\n    at Layer.handleRequest (/home/tonytor/jop-portal/type-ats-backend/node_modules/router/lib/layer.js:152:17)\n    at next (/home/tonytor/jop-portal/type-ats-backend/node_modules/router/lib/route.js:157:13)\n    at Route.dispatch (/home/tonytor/jop-portal/type-ats-backend/node_modules/router/lib/route.js:117:3)\n    at handle (/home/tonytor/jop-portal/type-ats-backend/node_modules/router/index.js:435:11)\n    at Layer.handleRequest (/home/tonytor/jop-portal/type-ats-backend/node_modules/router/lib/layer.js:152:17)\n    at /home/tonytor/jop-portal/type-ats-backend/node_modules/router/index.js:295:15\n    at processParams (/home/tonytor/jop-portal/type-ats-backend/node_modules/router/index.js:582:12)\n    at next (/home/tonytor/jop-portal/type-ats-backend/node_modules/router/index.js:291:5)","timestamp":"2025-05-25 08:51:19:5119"}
{"level":"error","timestamp":"2025-05-25 08:51:19:5119"}
{"level":"error","message":"TypeError: Cannot destructure property 'fullName' of 'req.body' as it is undefined.\n    at /home/tonytor/jop-portal/type-ats-backend/src/controllers/applicationController.ts:17:7\n    at /home/tonytor/jop-portal/type-ats-backend/src/utils/catchAsync.ts:7:21\n    at Layer.handleRequest (/home/tonytor/jop-portal/type-ats-backend/node_modules/router/lib/layer.js:152:17)\n    at next (/home/tonytor/jop-portal/type-ats-backend/node_modules/router/lib/route.js:157:13)\n    at Route.dispatch (/home/tonytor/jop-portal/type-ats-backend/node_modules/router/lib/route.js:117:3)\n    at handle (/home/tonytor/jop-portal/type-ats-backend/node_modules/router/index.js:435:11)\n    at Layer.handleRequest (/home/tonytor/jop-portal/type-ats-backend/node_modules/router/lib/layer.js:152:17)\n    at /home/tonytor/jop-portal/type-ats-backend/node_modules/router/index.js:295:15\n    at processParams (/home/tonytor/jop-portal/type-ats-backend/node_modules/router/index.js:582:12)\n    at next (/home/tonytor/jop-portal/type-ats-backend/node_modules/router/index.js:291:5)","timestamp":"2025-05-25 08:56:03:563"}
{"level":"error","timestamp":"2025-05-25 08:56:03:563"}
{"level":"info","message":"Database connected","timestamp":"2025-05-25 09:09:25:925"}
{"level":"info","message":"Prisma initialized","timestamp":"2025-05-25 09:09:25:925"}
{"level":"info","message":"Express initialized","timestamp":"2025-05-25 09:09:25:925"}
{"level":"info","message":"Server running on port http://localhost:3000","timestamp":"2025-05-25 09:09:25:925"}
{"level":"error","message":"TypeError: Cannot destructure property 'firstName' of 'req.body' as it is undefined.\n    at /home/tonytor/jop-portal/type-ats-backend/src/controllers/applicationController.ts:17:7\n    at /home/tonytor/jop-portal/type-ats-backend/src/utils/catchAsync.ts:7:21\n    at Layer.handleRequest (/home/tonytor/jop-portal/type-ats-backend/node_modules/router/lib/layer.js:152:17)\n    at next (/home/tonytor/jop-portal/type-ats-backend/node_modules/router/lib/route.js:157:13)\n    at Route.dispatch (/home/tonytor/jop-portal/type-ats-backend/node_modules/router/lib/route.js:117:3)\n    at handle (/home/tonytor/jop-portal/type-ats-backend/node_modules/router/index.js:435:11)\n    at Layer.handleRequest (/home/tonytor/jop-portal/type-ats-backend/node_modules/router/lib/layer.js:152:17)\n    at /home/tonytor/jop-portal/type-ats-backend/node_modules/router/index.js:295:15\n    at processParams (/home/tonytor/jop-portal/type-ats-backend/node_modules/router/index.js:582:12)\n    at next (/home/tonytor/jop-portal/type-ats-backend/node_modules/router/index.js:291:5)","timestamp":"2025-05-25 09:11:24:1124"}
{"level":"error","timestamp":"2025-05-25 09:11:24:1124"}
{"level":"info","message":"Database connected","timestamp":"2025-05-25 09:14:14:1414"}
{"level":"info","message":"Prisma initialized","timestamp":"2025-05-25 09:14:14:1414"}
{"level":"info","message":"Express initialized","timestamp":"2025-05-25 09:14:14:1414"}
{"level":"info","message":"Server running on port http://localhost:3000","timestamp":"2025-05-25 09:14:14:1414"}
{"level":"info","message":"Database connected","timestamp":"2025-05-25 09:15:03:153"}
{"level":"info","message":"Prisma initialized","timestamp":"2025-05-25 09:15:03:153"}
{"level":"info","message":"Express initialized","timestamp":"2025-05-25 09:15:03:153"}
{"level":"info","message":"Server running on port http://localhost:3000","timestamp":"2025-05-25 09:15:03:153"}
{"level":"info","message":"Database connected","timestamp":"2025-05-25 09:15:41:1541"}
{"level":"info","message":"Prisma initialized","timestamp":"2025-05-25 09:15:41:1541"}
{"level":"info","message":"Express initialized","timestamp":"2025-05-25 09:15:41:1541"}
{"level":"info","message":"Server running on port http://localhost:3000","timestamp":"2025-05-25 09:15:41:1541"}
{"level":"info","message":"Database connected","timestamp":"2025-05-25 09:18:19:1819"}
{"level":"info","message":"Prisma initialized","timestamp":"2025-05-25 09:18:19:1819"}
{"level":"info","message":"Express initialized","timestamp":"2025-05-25 09:18:19:1819"}
{"level":"info","message":"Server running on port http://localhost:3000","timestamp":"2025-05-25 09:18:19:1819"}
{"level":"info","message":"SIGTERM received","timestamp":"2025-05-25 17:13:17:1317"}
{"level":"info","message":"Database connected","timestamp":"2025-05-25 18:50:51:5051"}
{"level":"info","message":"Prisma initialized","timestamp":"2025-05-25 18:50:51:5051"}
{"level":"info","message":"Express initialized","timestamp":"2025-05-25 18:50:51:5051"}
{"level":"info","message":"Server running on port http://localhost:3000","timestamp":"2025-05-25 18:50:51:5051"}
{"level":"info","message":"Database connected","timestamp":"2025-05-25 18:53:12:5312"}
{"level":"info","message":"Prisma initialized","timestamp":"2025-05-25 18:53:12:5312"}
{"level":"info","message":"Express initialized","timestamp":"2025-05-25 18:53:12:5312"}
{"level":"info","message":"Server running on port http://localhost:3000","timestamp":"2025-05-25 18:53:12:5312"}
{"level":"info","message":"Database connected","timestamp":"2025-05-25 18:53:50:5350"}
{"level":"info","message":"Prisma initialized","timestamp":"2025-05-25 18:53:50:5350"}
{"level":"info","message":"Express initialized","timestamp":"2025-05-25 18:53:50:5350"}
{"level":"info","message":"Server running on port http://localhost:3000","timestamp":"2025-05-25 18:53:50:5350"}
{"level":"error","message":"TypeError: Cannot destructure property 'status' of 'req.body' as it is undefined.\n    at /home/tonytor/jop-portal/type-ats-backend/src/controllers/applicationController.ts:125:13\n    at /home/tonytor/jop-portal/type-ats-backend/src/utils/catchAsync.ts:7:21\n    at Layer.handleRequest (/home/tonytor/jop-portal/type-ats-backend/node_modules/router/lib/layer.js:152:17)\n    at next (/home/tonytor/jop-portal/type-ats-backend/node_modules/router/lib/route.js:157:13)\n    at authenticate (/home/tonytor/jop-portal/type-ats-backend/src/middleware/authMiddleware.ts:66:5)\n    at Layer.handleRequest (/home/tonytor/jop-portal/type-ats-backend/node_modules/router/lib/layer.js:152:17)\n    at next (/home/tonytor/jop-portal/type-ats-backend/node_modules/router/lib/route.js:157:13)\n    at Route.dispatch (/home/tonytor/jop-portal/type-ats-backend/node_modules/router/lib/route.js:117:3)\n    at handle (/home/tonytor/jop-portal/type-ats-backend/node_modules/router/index.js:435:11)\n    at Layer.handleRequest (/home/tonytor/jop-portal/type-ats-backend/node_modules/router/lib/layer.js:152:17)","timestamp":"2025-05-25 18:58:52:5852"}
{"level":"error","timestamp":"2025-05-25 18:58:52:5852"}
{"level":"info","message":"Database connected","timestamp":"2025-05-25 19:04:54:454"}
{"level":"info","message":"Prisma initialized","timestamp":"2025-05-25 19:04:54:454"}
{"level":"info","message":"Express initialized","timestamp":"2025-05-25 19:04:54:454"}
{"level":"info","message":"Server running on port http://localhost:3000","timestamp":"2025-05-25 19:04:54:454"}
{"level":"info","message":"Database connected","timestamp":"2025-05-25 19:06:53:653"}
{"level":"info","message":"Prisma initialized","timestamp":"2025-05-25 19:06:53:653"}
{"level":"info","message":"Express initialized","timestamp":"2025-05-25 19:06:53:653"}
{"level":"info","message":"Server running on port http://localhost:3000","timestamp":"2025-05-25 19:06:53:653"}
{"level":"error","message":"Error: Application not found.\n    at Object.updateApplicationStatus (/home/tonytor/jop-portal/type-ats-backend/src/service/applicantService.ts:133:21)\n    at async /home/tonytor/jop-portal/type-ats-backend/src/controllers/applicationController.ts:140:32","timestamp":"2025-05-25 19:11:44:1144"}
{"level":"error","statusCode":404,"timestamp":"2025-05-25 19:11:44:1144"}
{"level":"error","message":"TypeError: Cannot destructure property 'status' of 'req.body' as it is undefined.\n    at /home/tonytor/jop-portal/type-ats-backend/src/controllers/applicationController.ts:125:13\n    at /home/tonytor/jop-portal/type-ats-backend/src/utils/catchAsync.ts:7:21\n    at Layer.handleRequest (/home/tonytor/jop-portal/type-ats-backend/node_modules/router/lib/layer.js:152:17)\n    at next (/home/tonytor/jop-portal/type-ats-backend/node_modules/router/lib/route.js:157:13)\n    at authenticate (/home/tonytor/jop-portal/type-ats-backend/src/middleware/authMiddleware.ts:66:5)\n    at Layer.handleRequest (/home/tonytor/jop-portal/type-ats-backend/node_modules/router/lib/layer.js:152:17)\n    at next (/home/tonytor/jop-portal/type-ats-backend/node_modules/router/lib/route.js:157:13)\n    at Route.dispatch (/home/tonytor/jop-portal/type-ats-backend/node_modules/router/lib/route.js:117:3)\n    at handle (/home/tonytor/jop-portal/type-ats-backend/node_modules/router/index.js:435:11)\n    at Layer.handleRequest (/home/tonytor/jop-portal/type-ats-backend/node_modules/router/lib/layer.js:152:17)","timestamp":"2025-05-25 19:12:47:1247"}
{"level":"error","timestamp":"2025-05-25 19:12:47:1247"}
{"level":"error","message":"Error: Application not found.\n    at Object.updateApplicationStatus (/home/tonytor/jop-portal/type-ats-backend/src/service/applicantService.ts:133:21)\n    at async /home/tonytor/jop-portal/type-ats-backend/src/controllers/applicationController.ts:140:32","timestamp":"2025-05-25 19:12:54:1254"}
{"level":"error","statusCode":404,"timestamp":"2025-05-25 19:12:54:1254"}
{"level":"error","message":"Error: Application not found.\n    at Object.updateApplicationStatus (/home/tonytor/jop-portal/type-ats-backend/src/service/applicantService.ts:133:21)\n    at async /home/tonytor/jop-portal/type-ats-backend/src/controllers/applicationController.ts:140:32","timestamp":"2025-05-25 19:30:48:3048"}
{"level":"error","statusCode":404,"timestamp":"2025-05-25 19:30:48:3048"}
{"level":"info","message":"Database connected","timestamp":"2025-05-25 19:41:31:4131"}
{"level":"info","message":"Prisma initialized","timestamp":"2025-05-25 19:41:31:4131"}
{"level":"info","message":"Express initialized","timestamp":"2025-05-25 19:41:31:4131"}
{"level":"info","message":"Server running on port http://localhost:3000","timestamp":"2025-05-25 19:41:31:4131"}
{"level":"info","message":"Database connected","timestamp":"2025-05-25 19:42:57:4257"}
{"level":"info","message":"Prisma initialized","timestamp":"2025-05-25 19:42:57:4257"}
{"level":"info","message":"Express initialized","timestamp":"2025-05-25 19:42:57:4257"}
{"level":"info","message":"Server running on port http://localhost:3000","timestamp":"2025-05-25 19:42:57:4257"}
{"level":"info","message":"Database connected","timestamp":"2025-05-25 20:00:04:04"}
{"level":"info","message":"Prisma initialized","timestamp":"2025-05-25 20:00:04:04"}
{"level":"info","message":"Express initialized","timestamp":"2025-05-25 20:00:04:04"}
{"level":"info","message":"Server running on port http://localhost:3000","timestamp":"2025-05-25 20:00:04:04"}
{"level":"info","message":"Database connected","timestamp":"2025-05-25 20:04:00:40"}
{"level":"info","message":"Prisma initialized","timestamp":"2025-05-25 20:04:00:40"}
{"level":"info","message":"Express initialized","timestamp":"2025-05-25 20:04:00:40"}
{"level":"info","message":"Server running on port http://localhost:3000","timestamp":"2025-05-25 20:04:00:40"}
{"level":"info","message":"Database connected","timestamp":"2025-05-25 20:18:25:1825"}
{"level":"info","message":"Prisma initialized","timestamp":"2025-05-25 20:18:25:1825"}
{"level":"info","message":"Express initialized","timestamp":"2025-05-25 20:18:25:1825"}
{"level":"info","message":"Server running on port http://localhost:3000","timestamp":"2025-05-25 20:18:25:1825"}
{"level":"info","message":"Database connected","timestamp":"2025-05-25 20:23:47:2347"}
{"level":"info","message":"Prisma initialized","timestamp":"2025-05-25 20:23:47:2347"}
{"level":"info","message":"Express initialized","timestamp":"2025-05-25 20:23:47:2347"}
{"level":"info","message":"Server running on port http://localhost:3000","timestamp":"2025-05-25 20:23:47:2347"}
{"level":"info","message":"Database connected","timestamp":"2025-05-25 20:24:21:2421"}
{"level":"info","message":"Prisma initialized","timestamp":"2025-05-25 20:24:21:2421"}
{"level":"info","message":"Express initialized","timestamp":"2025-05-25 20:24:21:2421"}
{"level":"info","message":"Server running on port http://localhost:3000","timestamp":"2025-05-25 20:24:21:2421"}
{"level":"info","message":"Database connected","timestamp":"2025-05-25 20:25:55:2555"}
{"level":"info","message":"Prisma initialized","timestamp":"2025-05-25 20:25:55:2555"}
{"level":"info","message":"Express initialized","timestamp":"2025-05-25 20:25:55:2555"}
{"level":"info","message":"Server running on port http://localhost:3000","timestamp":"2025-05-25 20:25:55:2555"}
{"level":"info","message":"Database connected","timestamp":"2025-05-25 20:48:02:482"}
{"level":"info","message":"Prisma initialized","timestamp":"2025-05-25 20:48:02:482"}
{"level":"info","message":"Express initialized","timestamp":"2025-05-25 20:48:02:482"}
{"level":"info","message":"Server running on port http://localhost:3000","timestamp":"2025-05-25 20:48:02:482"}
{"level":"info","message":"Database connected","timestamp":"2025-05-25 20:49:10:4910"}
{"level":"info","message":"Prisma initialized","timestamp":"2025-05-25 20:49:10:4910"}
{"level":"info","message":"Express initialized","timestamp":"2025-05-25 20:49:10:4910"}
{"level":"info","message":"Server running on port http://localhost:3000","timestamp":"2025-05-25 20:49:10:4910"}
{"level":"info","message":"Database connected","timestamp":"2025-05-25 20:49:25:4925"}
{"level":"info","message":"Prisma initialized","timestamp":"2025-05-25 20:49:25:4925"}
{"level":"info","message":"Express initialized","timestamp":"2025-05-25 20:49:25:4925"}
{"level":"info","message":"Server running on port http://localhost:3000","timestamp":"2025-05-25 20:49:25:4925"}
{"level":"info","message":"Database connected","timestamp":"2025-05-25 20:49:51:4951"}
{"level":"info","message":"Prisma initialized","timestamp":"2025-05-25 20:49:51:4951"}
{"level":"info","message":"Express initialized","timestamp":"2025-05-25 20:49:51:4951"}
{"level":"info","message":"Server running on port http://localhost:3000","timestamp":"2025-05-25 20:49:51:4951"}
{"level":"info","message":"Database connected","timestamp":"2025-05-25 20:50:30:5030"}
{"level":"info","message":"Prisma initialized","timestamp":"2025-05-25 20:50:30:5030"}
{"level":"info","message":"Express initialized","timestamp":"2025-05-25 20:50:30:5030"}
{"level":"info","message":"Server running on port http://localhost:3000","timestamp":"2025-05-25 20:50:30:5030"}
{"level":"info","message":"Database connected","timestamp":"2025-05-25 20:50:56:5056"}
{"level":"info","message":"Prisma initialized","timestamp":"2025-05-25 20:50:56:5056"}
{"level":"info","message":"Express initialized","timestamp":"2025-05-25 20:50:56:5056"}
{"level":"info","message":"Server running on port http://localhost:3000","timestamp":"2025-05-25 20:50:56:5056"}
{"level":"info","message":"Database connected","timestamp":"2025-05-25 20:51:06:516"}
{"level":"info","message":"Prisma initialized","timestamp":"2025-05-25 20:51:06:516"}
{"level":"info","message":"Express initialized","timestamp":"2025-05-25 20:51:06:516"}
{"level":"info","message":"Server running on port http://localhost:3000","timestamp":"2025-05-25 20:51:06:516"}
{"level":"info","message":"Database connected","timestamp":"2025-05-25 21:15:02:152"}
{"level":"info","message":"Prisma initialized","timestamp":"2025-05-25 21:15:02:152"}
{"level":"info","message":"Express initialized","timestamp":"2025-05-25 21:15:02:152"}
{"level":"info","message":"Server running on port http://localhost:3000","timestamp":"2025-05-25 21:15:02:152"}
{"level":"error","message":"PrismaClientKnownRequestError: \nInvalid `db.user.findUnique()` invocation in\n/home/tonytor/jop-portal/type-ats-backend/src/service/authService.ts:33:40\n\n  30   lastName: string\n  31 ): Promise<User> => {\n  32   // UPDATED signature\n→ 33   const existingUser = await db.user.findUnique(\nThe column `User.firstName` does not exist in the current database.\n    at Zn.handleRequestError (/home/tonytor/jop-portal/type-ats-backend/node_modules/@prisma/client/runtime/library.js:121:7459)\n    at Zn.handleAndLogRequestError (/home/tonytor/jop-portal/type-ats-backend/node_modules/@prisma/client/runtime/library.js:121:6784)\n    at Zn.request (/home/tonytor/jop-portal/type-ats-backend/node_modules/@prisma/client/runtime/library.js:121:6491)\n    at async l (/home/tonytor/jop-portal/type-ats-backend/node_modules/@prisma/client/runtime/library.js:130:9778)\n    at async Object.registerUser (/home/tonytor/jop-portal/type-ats-backend/src/service/authService.ts:33:26)\n    at async /home/tonytor/jop-portal/type-ats-backend/src/controllers/authController.ts:27:21","timestamp":"2025-05-25 21:16:15:1615"}
{"clientVersion":"6.8.2","code":"P2022","level":"error","meta":{"column":"User.firstName","modelName":"User"},"name":"PrismaClientKnownRequestError","timestamp":"2025-05-25 21:16:15:1615"}
{"level":"info","message":"Database connected","timestamp":"2025-05-25 21:17:28:1728"}
{"level":"info","message":"Prisma initialized","timestamp":"2025-05-25 21:17:28:1728"}
{"level":"info","message":"Express initialized","timestamp":"2025-05-25 21:17:28:1728"}
{"level":"info","message":"Server running on port http://localhost:3000","timestamp":"2025-05-25 21:17:28:1728"}
{"level":"error","message":"Error: Invalid credentials.\n    at Object.loginUser (/home/tonytor/jop-portal/type-ats-backend/src/service/authService.ts:75:21)\n    at async /home/tonytor/jop-portal/type-ats-backend/src/controllers/authController.ts:57:29","timestamp":"2025-05-25 21:18:11:1811"}
{"level":"error","statusCode":401,"timestamp":"2025-05-25 21:18:11:1811"}
{"level":"error","message":"Error: Invalid credentials.\n    at Object.loginUser (/home/tonytor/jop-portal/type-ats-backend/src/service/authService.ts:75:21)\n    at async /home/tonytor/jop-portal/type-ats-backend/src/controllers/authController.ts:57:29","timestamp":"2025-05-25 21:19:13:1913"}
{"level":"error","statusCode":401,"timestamp":"2025-05-25 21:19:13:1913"}
{"level":"error","message":"Error: Invalid credentials.\n    at Object.loginUser (/home/tonytor/jop-portal/type-ats-backend/src/service/authService.ts:75:21)\n    at async /home/tonytor/jop-portal/type-ats-backend/src/controllers/authController.ts:57:29","timestamp":"2025-05-25 21:21:02:212"}
{"level":"error","statusCode":401,"timestamp":"2025-05-25 21:21:02:212"}
{"level":"error","message":"Error: User with this email already exists.\n    at Object.registerUser (/home/tonytor/jop-portal/type-ats-backend/src/service/authService.ts:35:21)\n    at async /home/tonytor/jop-portal/type-ats-backend/src/controllers/authController.ts:27:21","timestamp":"2025-05-25 21:21:08:218"}
{"level":"error","statusCode":409,"timestamp":"2025-05-25 21:21:08:218"}
{"level":"error","message":"PrismaClientKnownRequestError: \nInvalid `db.interview.create()` invocation in\n/home/tonytor/jop-portal/type-ats-backend/src/service/interviewService.ts:31:42\n\n  28   notes,\n  29 } = data;\n  30 \n→ 31 const interview = await db.interview.create(\nForeign key constraint violated on the constraint: `Interview_applicationId_fkey`\n    at Zn.handleRequestError (/home/tonytor/jop-portal/type-ats-backend/node_modules/@prisma/client/runtime/library.js:121:7459)\n    at Zn.handleAndLogRequestError (/home/tonytor/jop-portal/type-ats-backend/node_modules/@prisma/client/runtime/library.js:121:6784)\n    at Zn.request (/home/tonytor/jop-portal/type-ats-backend/node_modules/@prisma/client/runtime/library.js:121:6491)\n    at async l (/home/tonytor/jop-portal/type-ats-backend/node_modules/@prisma/client/runtime/library.js:130:9778)\n    at async Object.createInterview (/home/tonytor/jop-portal/type-ats-backend/src/service/interviewService.ts:31:23)\n    at async /home/tonytor/jop-portal/type-ats-backend/src/controllers/interviewController.ts:56:26","timestamp":"2025-05-25 21:54:52:5452"}
{"clientVersion":"6.8.2","code":"P2003","level":"error","meta":{"constraint":"Interview_applicationId_fkey","modelName":"Interview"},"name":"PrismaClientKnownRequestError","timestamp":"2025-05-25 21:54:52:5452"}
{"level":"info","message":"Database connected","timestamp":"2025-05-25 21:58:06:586"}
{"level":"info","message":"Prisma initialized","timestamp":"2025-05-25 21:58:06:586"}
{"level":"info","message":"Express initialized","timestamp":"2025-05-25 21:58:06:586"}
{"level":"info","message":"Server running on port http://localhost:3000","timestamp":"2025-05-25 21:58:06:586"}
{"level":"info","message":"Database connected","timestamp":"2025-05-25 21:59:03:593"}
{"level":"info","message":"Prisma initialized","timestamp":"2025-05-25 21:59:03:593"}
{"level":"info","message":"Express initialized","timestamp":"2025-05-25 21:59:03:593"}
{"level":"info","message":"Server running on port http://localhost:3000","timestamp":"2025-05-25 21:59:03:593"}
{"level":"info","message":"Database connected","timestamp":"2025-05-25 21:59:23:5923"}
{"level":"info","message":"Prisma initialized","timestamp":"2025-05-25 21:59:23:5923"}
{"level":"info","message":"Express initialized","timestamp":"2025-05-25 21:59:23:5923"}
{"level":"info","message":"Server running on port http://localhost:3000","timestamp":"2025-05-25 21:59:23:5923"}
{"level":"info","message":"Database connected","timestamp":"2025-05-25 22:05:23:523"}
{"level":"info","message":"Prisma initialized","timestamp":"2025-05-25 22:05:23:523"}
{"level":"info","message":"Express initialized","timestamp":"2025-05-25 22:05:23:523"}
{"level":"info","message":"Server running on port http://localhost:3000","timestamp":"2025-05-25 22:05:23:523"}
{"level":"info","message":"Database connected","timestamp":"2025-05-25 22:14:54:1454"}
{"level":"info","message":"Prisma initialized","timestamp":"2025-05-25 22:14:54:1454"}
{"level":"info","message":"Express initialized","timestamp":"2025-05-25 22:14:54:1454"}
{"level":"info","message":"Server running on port http://localhost:3000","timestamp":"2025-05-25 22:14:54:1454"}
{"level":"info","message":"Database connected","timestamp":"2025-05-25 23:17:01:171"}
{"level":"info","message":"Prisma initialized","timestamp":"2025-05-25 23:17:01:171"}
{"level":"info","message":"Express initialized","timestamp":"2025-05-25 23:17:01:171"}
{"level":"info","message":"Server running on port http://localhost:3000","timestamp":"2025-05-25 23:17:01:171"}
{"level":"info","message":"Database connected","timestamp":"2025-05-25 23:43:24:4324"}
{"level":"info","message":"Prisma initialized","timestamp":"2025-05-25 23:43:24:4324"}
{"level":"info","message":"Express initialized","timestamp":"2025-05-25 23:43:24:4324"}
{"level":"info","message":"Server running on port http://localhost:3000","timestamp":"2025-05-25 23:43:24:4324"}
{"level":"info","message":"Database connected","timestamp":"2025-05-26 00:25:18:2518"}
{"level":"info","message":"Prisma initialized","timestamp":"2025-05-26 00:25:18:2518"}
{"level":"info","message":"Express initialized","timestamp":"2025-05-26 00:25:18:2518"}
{"level":"info","message":"Server running on port http://localhost:3000","timestamp":"2025-05-26 00:25:18:2518"}
{"level":"info","message":"Database connected","timestamp":"2025-05-26 00:56:54:5654"}
{"level":"info","message":"Prisma initialized","timestamp":"2025-05-26 00:56:54:5654"}
{"level":"info","message":"Express initialized","timestamp":"2025-05-26 00:56:54:5654"}
{"level":"info","message":"Server running on port http://localhost:3000","timestamp":"2025-05-26 00:56:54:5654"}
{"level":"info","message":"Database connected","timestamp":"2025-05-26 01:01:19:119"}
{"level":"info","message":"Prisma initialized","timestamp":"2025-05-26 01:01:19:119"}
{"level":"info","message":"Express initialized","timestamp":"2025-05-26 01:01:19:119"}
{"level":"info","message":"Server running on port http://localhost:3000","timestamp":"2025-05-26 01:01:19:119"}
{"level":"info","message":"SIGTERM received","timestamp":"2025-05-26 01:24:37:2437"}
{"level":"info","message":"Database connected","timestamp":"2025-05-26 05:59:41:5941"}
{"level":"info","message":"Prisma initialized","timestamp":"2025-05-26 05:59:41:5941"}
{"level":"info","message":"Express initialized","timestamp":"2025-05-26 05:59:41:5941"}
{"level":"info","message":"Server running on port http://localhost:3000","timestamp":"2025-05-26 05:59:41:5941"}
{"level":"info","message":"Database connected","timestamp":"2025-05-26 06:33:17:3317"}
{"level":"info","message":"Prisma initialized","timestamp":"2025-05-26 06:33:17:3317"}
{"level":"info","message":"Express initialized","timestamp":"2025-05-26 06:33:17:3317"}
{"level":"info","message":"Server running on port http://localhost:3000","timestamp":"2025-05-26 06:33:17:3317"}
{"level":"info","message":"Database connected","timestamp":"2025-05-26 06:39:39:3939"}
{"level":"info","message":"Prisma initialized","timestamp":"2025-05-26 06:39:39:3939"}
{"level":"info","message":"Express initialized","timestamp":"2025-05-26 06:39:39:3939"}
{"level":"info","message":"Server running on port http://localhost:3000","timestamp":"2025-05-26 06:39:39:3939"}
